Determining if the pthread_create exist failed with the following output:
Change Dir: /home/melvin/pointcloud/build/CMakeFiles/CMakeTmp

Run Build Command:"/usr/bin/make" "cmTC_eb03e/fast"
/usr/bin/make -f CMakeFiles/cmTC_eb03e.dir/build.make CMakeFiles/cmTC_eb03e.dir/build
make[1]: Entering directory '/home/melvin/pointcloud/build/CMakeFiles/CMakeTmp'
Building C object CMakeFiles/cmTC_eb03e.dir/CheckSymbolExists.c.o
/usr/bin/cc     -o CMakeFiles/cmTC_eb03e.dir/CheckSymbolExists.c.o   -c /home/melvin/pointcloud/build/CMakeFiles/CMakeTmp/CheckSymbolExists.c
Linking C executable cmTC_eb03e
/usr/bin/cmake -E cmake_link_script CMakeFiles/cmTC_eb03e.dir/link.txt --verbose=1
/usr/bin/cc       CMakeFiles/cmTC_eb03e.dir/CheckSymbolExists.c.o  -o cmTC_eb03e -rdynamic 
CMakeFiles/cmTC_eb03e.dir/CheckSymbolExists.c.o: In function `main':
CheckSymbolExists.c:(.text+0x16): undefined reference to `pthread_create'
collect2: error: ld returned 1 exit status
CMakeFiles/cmTC_eb03e.dir/build.make:97: recipe for target 'cmTC_eb03e' failed
make[1]: *** [cmTC_eb03e] Error 1
make[1]: Leaving directory '/home/melvin/pointcloud/build/CMakeFiles/CMakeTmp'
Makefile:126: recipe for target 'cmTC_eb03e/fast' failed
make: *** [cmTC_eb03e/fast] Error 2

File /home/melvin/pointcloud/build/CMakeFiles/CMakeTmp/CheckSymbolExists.c:
/* */
#include <pthread.h>

int main(int argc, char** argv)
{
  (void)argv;
#ifndef pthread_create
  return ((int*)(&pthread_create))[argc];
#else
  (void)argc;
  return 0;
#endif
}

Determining if the function pthread_create exists in the pthreads failed with the following output:
Change Dir: /home/melvin/pointcloud/build/CMakeFiles/CMakeTmp

Run Build Command:"/usr/bin/make" "cmTC_edba2/fast"
/usr/bin/make -f CMakeFiles/cmTC_edba2.dir/build.make CMakeFiles/cmTC_edba2.dir/build
make[1]: Entering directory '/home/melvin/pointcloud/build/CMakeFiles/CMakeTmp'
Building C object CMakeFiles/cmTC_edba2.dir/CheckFunctionExists.c.o
/usr/bin/cc    -DCHECK_FUNCTION_EXISTS=pthread_create   -o CMakeFiles/cmTC_edba2.dir/CheckFunctionExists.c.o   -c /usr/share/cmake-3.5/Modules/CheckFunctionExists.c
Linking C executable cmTC_edba2
/usr/bin/cmake -E cmake_link_script CMakeFiles/cmTC_edba2.dir/link.txt --verbose=1
/usr/bin/cc   -DCHECK_FUNCTION_EXISTS=pthread_create    CMakeFiles/cmTC_edba2.dir/CheckFunctionExists.c.o  -o cmTC_edba2 -rdynamic -lpthreads 
/usr/bin/ld: cannot find -lpthreads
collect2: error: ld returned 1 exit status
CMakeFiles/cmTC_edba2.dir/build.make:97: recipe for target 'cmTC_edba2' failed
make[1]: *** [cmTC_edba2] Error 1
make[1]: Leaving directory '/home/melvin/pointcloud/build/CMakeFiles/CMakeTmp'
Makefile:126: recipe for target 'cmTC_edba2/fast' failed
make: *** [cmTC_edba2/fast] Error 2


