Determining if the pthread_create exist failed with the following output:
Change Dir: /home/melvin/pointcloud/image_creation/build/CMakeFiles/CMakeTmp

Run Build Command:"/usr/bin/make" "cmTC_ec0d2/fast"
/usr/bin/make -f CMakeFiles/cmTC_ec0d2.dir/build.make CMakeFiles/cmTC_ec0d2.dir/build
make[1]: Entering directory '/home/melvin/pointcloud/image_creation/build/CMakeFiles/CMakeTmp'
Building C object CMakeFiles/cmTC_ec0d2.dir/CheckSymbolExists.c.o
/usr/bin/cc     -o CMakeFiles/cmTC_ec0d2.dir/CheckSymbolExists.c.o   -c /home/melvin/pointcloud/image_creation/build/CMakeFiles/CMakeTmp/CheckSymbolExists.c
Linking C executable cmTC_ec0d2
/usr/bin/cmake -E cmake_link_script CMakeFiles/cmTC_ec0d2.dir/link.txt --verbose=1
/usr/bin/cc       CMakeFiles/cmTC_ec0d2.dir/CheckSymbolExists.c.o  -o cmTC_ec0d2 -rdynamic 
CMakeFiles/cmTC_ec0d2.dir/CheckSymbolExists.c.o: In function `main':
CheckSymbolExists.c:(.text+0x16): undefined reference to `pthread_create'
collect2: error: ld returned 1 exit status
CMakeFiles/cmTC_ec0d2.dir/build.make:97: recipe for target 'cmTC_ec0d2' failed
make[1]: *** [cmTC_ec0d2] Error 1
make[1]: Leaving directory '/home/melvin/pointcloud/image_creation/build/CMakeFiles/CMakeTmp'
Makefile:126: recipe for target 'cmTC_ec0d2/fast' failed
make: *** [cmTC_ec0d2/fast] Error 2

File /home/melvin/pointcloud/image_creation/build/CMakeFiles/CMakeTmp/CheckSymbolExists.c:
/* */
#include <pthread.h>

int main(int argc, char** argv)
{
  (void)argv;
#ifndef pthread_create
  return ((int*)(&pthread_create))[argc];
#else
  (void)argc;
  return 0;
#endif
}

Determining if the function pthread_create exists in the pthreads failed with the following output:
Change Dir: /home/melvin/pointcloud/image_creation/build/CMakeFiles/CMakeTmp

Run Build Command:"/usr/bin/make" "cmTC_e2d94/fast"
/usr/bin/make -f CMakeFiles/cmTC_e2d94.dir/build.make CMakeFiles/cmTC_e2d94.dir/build
make[1]: Entering directory '/home/melvin/pointcloud/image_creation/build/CMakeFiles/CMakeTmp'
Building C object CMakeFiles/cmTC_e2d94.dir/CheckFunctionExists.c.o
/usr/bin/cc    -DCHECK_FUNCTION_EXISTS=pthread_create   -o CMakeFiles/cmTC_e2d94.dir/CheckFunctionExists.c.o   -c /usr/share/cmake-3.5/Modules/CheckFunctionExists.c
Linking C executable cmTC_e2d94
/usr/bin/cmake -E cmake_link_script CMakeFiles/cmTC_e2d94.dir/link.txt --verbose=1
/usr/bin/cc   -DCHECK_FUNCTION_EXISTS=pthread_create    CMakeFiles/cmTC_e2d94.dir/CheckFunctionExists.c.o  -o cmTC_e2d94 -rdynamic -lpthreads 
/usr/bin/ld: cannot find -lpthreads
collect2: error: ld returned 1 exit status
CMakeFiles/cmTC_e2d94.dir/build.make:97: recipe for target 'cmTC_e2d94' failed
make[1]: *** [cmTC_e2d94] Error 1
make[1]: Leaving directory '/home/melvin/pointcloud/image_creation/build/CMakeFiles/CMakeTmp'
Makefile:126: recipe for target 'cmTC_e2d94/fast' failed
make: *** [cmTC_e2d94/fast] Error 2


